Using pre-set license
Built from '2020.3/staging' branch; Version is '2020.3.25f1 (9b9180224418) revision 10195328'; Using compiler version '192528614'; Build Type 'Release'
OS: 'Windows 10  (10.0.19043) 64bit Core' Language: 'de' Physical Memory: 15790 MB
BatchMode: 1, IsHumanControllingUs: 0, StartBugReporterOnCrash: 0, Is64bit: 1, IsPro: 0

COMMAND LINE ARGUMENTS:
C:\Program Files\Unity\Hub\Editor\2020.3.25f1\Editor\Unity.exe
-adb2
-batchMode
-noUpm
-name
AssetImportWorker0
-projectPath
C:/Users/danie/Documents/Game/Dream Game
-logFile
Logs/AssetImportWorker0.log
-srvPort
63796
Successfully changed project path to: C:/Users/danie/Documents/Game/Dream Game
C:/Users/danie/Documents/Game/Dream Game
Using Asset Import Pipeline V2.
Refreshing native plugins compatible for Editor in 31.08 ms, found 2 plugins.
Preloading 0 native plugins for Editor in 0.00 ms.
Initialize engine version: 2020.3.25f1 (9b9180224418)
[Subsystems] Discovering subsystems at path C:/Program Files/Unity/Hub/Editor/2020.3.25f1/Editor/Data/Resources/UnitySubsystems
[Subsystems] Discovering subsystems at path C:/Users/danie/Documents/Game/Dream Game/Assets
GfxDevice: creating device client; threaded=0
Direct3D:
    Version:  Direct3D 11.0 [level 11.1]
    Renderer: NVIDIA GeForce GTX 1650 Ti (ID=0x1f95)
    Vendor:   
    VRAM:     3962 MB
    Driver:   27.21.14.6242
Initialize mono
Mono path[0] = 'C:/Program Files/Unity/Hub/Editor/2020.3.25f1/Editor/Data/Managed'
Mono path[1] = 'C:/Program Files/Unity/Hub/Editor/2020.3.25f1/Editor/Data/MonoBleedingEdge/lib/mono/unityjit'
Mono config path = 'C:/Program Files/Unity/Hub/Editor/2020.3.25f1/Editor/Data/MonoBleedingEdge/etc'
Using monoOptions --debugger-agent=transport=dt_socket,embedding=1,server=y,suspend=n,address=127.0.0.1:56964
Begin MonoManager ReloadAssembly
Registering precompiled unity dll's ...
Register platform support module: C:/Program Files/Unity/Hub/Editor/2020.3.25f1/Editor/Data/PlaybackEngines/WindowsStandaloneSupport/UnityEditor.WindowsStandalone.Extensions.dll
Registered in 0.002228 seconds.
Native extension for WindowsStandalone target not found
Refreshing native plugins compatible for Editor in 30.20 ms, found 2 plugins.
Preloading 0 native plugins for Editor in 0.00 ms.
Mono: successfully reloaded assembly
- Completed reload, in  0.576 seconds
Domain Reload Profiling:
	ReloadAssembly (576ms)
		BeginReloadAssembly (63ms)
			ExecutionOrderSort (0ms)
			DisableScriptedObjects (0ms)
			BackupInstance (0ms)
			ReleaseScriptingObjects (0ms)
			CreateAndSetChildDomain (1ms)
		EndReloadAssembly (435ms)
			LoadAssemblies (60ms)
			RebuildTransferFunctionScriptingTraits (0ms)
			SetupTypeCache (151ms)
			ReleaseScriptCaches (0ms)
			RebuildScriptCaches (31ms)
			SetupLoadedEditorAssemblies (151ms)
				LogAssemblyErrors (0ms)
				InitializePlatformSupportModulesInManaged (4ms)
				SetLoadedEditorAssemblies (0ms)
				RefreshPlugins (30ms)
				BeforeProcessingInitializeOnLoad (10ms)
				ProcessInitializeOnLoadAttributes (79ms)
				ProcessInitializeOnLoadMethodAttributes (28ms)
				AfterProcessingInitializeOnLoad (0ms)
				EditorAssembliesLoaded (0ms)
			ExecutionOrderSort2 (0ms)
			AwakeInstancesAfterBackupRestoration (0ms)
Platform modules already initialized, skipping
Registering precompiled user dll's ...
Registered in 0.005027 seconds.
Begin MonoManager ReloadAssembly
Native extension for WindowsStandalone target not found
Refreshing native plugins compatible for Editor in 0.35 ms, found 2 plugins.
Preloading 0 native plugins for Editor in 0.00 ms.
Mono: successfully reloaded assembly
- Completed reload, in  0.961 seconds
Domain Reload Profiling:
	ReloadAssembly (962ms)
		BeginReloadAssembly (142ms)
			ExecutionOrderSort (0ms)
			DisableScriptedObjects (4ms)
			BackupInstance (0ms)
			ReleaseScriptingObjects (0ms)
			CreateAndSetChildDomain (20ms)
		EndReloadAssembly (758ms)
			LoadAssemblies (89ms)
			RebuildTransferFunctionScriptingTraits (0ms)
			SetupTypeCache (268ms)
			ReleaseScriptCaches (0ms)
			RebuildScriptCaches (42ms)
			SetupLoadedEditorAssemblies (279ms)
				LogAssemblyErrors (0ms)
				InitializePlatformSupportModulesInManaged (4ms)
				SetLoadedEditorAssemblies (0ms)
				RefreshPlugins (0ms)
				BeforeProcessingInitializeOnLoad (57ms)
				ProcessInitializeOnLoadAttributes (200ms)
				ProcessInitializeOnLoadMethodAttributes (9ms)
				AfterProcessingInitializeOnLoad (7ms)
				EditorAssembliesLoaded (0ms)
			ExecutionOrderSort2 (0ms)
			AwakeInstancesAfterBackupRestoration (6ms)
Platform modules already initialized, skipping
========================================================================
Worker process is ready to serve import requests
Launched and connected shader compiler UnityShaderCompiler.exe after 0.06 seconds
Refreshing native plugins compatible for Editor in 0.36 ms, found 2 plugins.
Preloading 0 native plugins for Editor in 0.00 ms.
Unloading 1500 Unused Serialized files (Serialized files now loaded: 0)
System memory in use before: 80.0 MB.
System memory in use after: 80.1 MB.

Unloading 19 unused Assets to reduce memory usage. Loaded Objects now: 1950.
Total: 2.859600 ms (FindLiveObjects: 0.160500 ms CreateObjectMapping: 0.036100 ms MarkObjects: 2.566300 ms  DeleteObjects: 0.095200 ms)

AssetImportParameters requested are different than current active one (requested -> active):
  custom:framework-win-MediaFoundation: 216162199b28c13a410421893ffa2e32 -> 
  custom:video-decoder-ogg-theora: a1e56fd34408186e4bbccfd4996cb3dc -> 
  custom:container-muxer-webm: aa71ff27fc2769a1b78a27578f13a17b -> 
  custom:container-demuxer-webm: 4f35f7cbe854078d1ac9338744f61a02 -> 
  custom:container-demuxer-ogg: 62fdf1f143b41e24485cea50d1cbac27 -> 
  custom:video-encoder-webm-vp8: eb34c28f22e8b96e1ab97ce403110664 -> 
  custom:video-decoder-webm-vp8: 9c59270c3fd7afecdb556c50c9e8de78 -> 
  custom:audio-decoder-ogg-vorbis: bf7c407c2cedff20999df2af8eb42d56 -> 
  custom:audio-encoder-webm-vorbis: bf7c407c2cedff20999df2af8eb42d56 -> 
========================================================================
Received Import Request.
  path: Assets/Materials
  artifactKey: Guid(fd85bc20503d91c4db2cdeae28b3146d) Importer(815301076,1909f56bfc062723c751e8b465ee728b)
Start importing Assets/Materials using Guid(fd85bc20503d91c4db2cdeae28b3146d) Importer(815301076,1909f56bfc062723c751e8b465ee728b)  -> (artifact id: 'd4b288b42ec33a35d764a5367ebe0afb') in 0.004742 seconds 
  Import took 0.007426 seconds .

========================================================================
Received Import Request.
  Time since last request: 222.440915 seconds.
  path: Assets/Prefabs
  artifactKey: Guid(b5aeb403e89972c4eb056a75f87cf262) Importer(815301076,1909f56bfc062723c751e8b465ee728b)
Start importing Assets/Prefabs using Guid(b5aeb403e89972c4eb056a75f87cf262) Importer(815301076,1909f56bfc062723c751e8b465ee728b)  -> (artifact id: '4c24a54668d8c8c876abe983c51f4cd2') in 0.002537 seconds 
  Import took 0.008324 seconds .

========================================================================
Received Import Request.
  Time since last request: 4.491762 seconds.
  path: Assets/Prefabs/enemyUnit.prefab
  artifactKey: Guid(cc2ec6049f9b7454fb0fe18cf3cfdd38) Importer(815301076,1909f56bfc062723c751e8b465ee728b)
Start importing Assets/Prefabs/enemyUnit.prefab using Guid(cc2ec6049f9b7454fb0fe18cf3cfdd38) Importer(815301076,1909f56bfc062723c751e8b465ee728b)  -> (artifact id: '3e6bd221ecd4cad6309673882e4e601d') in 0.110703 seconds 
  Import took 0.113969 seconds .

========================================================================
Received Import Request.
  Time since last request: 2.669901 seconds.
  path: Assets/Prefabs/playerUnit.prefab
  artifactKey: Guid(6b0e7d96882adbf47a9d6ca5818f3d2d) Importer(815301076,1909f56bfc062723c751e8b465ee728b)
Start importing Assets/Prefabs/playerUnit.prefab using Guid(6b0e7d96882adbf47a9d6ca5818f3d2d) Importer(815301076,1909f56bfc062723c751e8b465ee728b)  -> (artifact id: '4066e28feba1f1036ccfa938187bd03a') in 0.010806 seconds 
  Import took 0.013929 seconds .

========================================================================
Received Prepare
Registering precompiled user dll's ...
Registered in 0.006639 seconds.
Begin MonoManager ReloadAssembly
Native extension for WindowsStandalone target not found
Refreshing native plugins compatible for Editor in 0.39 ms, found 2 plugins.
Preloading 0 native plugins for Editor in 0.00 ms.
Mono: successfully reloaded assembly
- Completed reload, in  1.220 seconds
Domain Reload Profiling:
	ReloadAssembly (1221ms)
		BeginReloadAssembly (240ms)
			ExecutionOrderSort (0ms)
			DisableScriptedObjects (6ms)
			BackupInstance (0ms)
			ReleaseScriptingObjects (0ms)
			CreateAndSetChildDomain (74ms)
		EndReloadAssembly (814ms)
			LoadAssemblies (167ms)
			RebuildTransferFunctionScriptingTraits (0ms)
			SetupTypeCache (295ms)
			ReleaseScriptCaches (1ms)
			RebuildScriptCaches (41ms)
			SetupLoadedEditorAssemblies (282ms)
				LogAssemblyErrors (0ms)
				InitializePlatformSupportModulesInManaged (5ms)
				SetLoadedEditorAssemblies (0ms)
				RefreshPlugins (0ms)
				BeforeProcessingInitializeOnLoad (53ms)
				ProcessInitializeOnLoadAttributes (199ms)
				ProcessInitializeOnLoadMethodAttributes (12ms)
				AfterProcessingInitializeOnLoad (12ms)
				EditorAssembliesLoaded (0ms)
			ExecutionOrderSort2 (0ms)
			AwakeInstancesAfterBackupRestoration (9ms)
Platform modules already initialized, skipping
Refreshing native plugins compatible for Editor in 0.35 ms, found 2 plugins.
Preloading 0 native plugins for Editor in 0.00 ms.
Unloading 1494 Unused Serialized files (Serialized files now loaded: 0)
System memory in use before: 83.1 MB.
System memory in use after: 83.2 MB.

Unloading 14 unused Assets to reduce memory usage. Loaded Objects now: 1960.
Total: 3.198700 ms (FindLiveObjects: 0.199600 ms CreateObjectMapping: 0.066900 ms MarkObjects: 2.912500 ms  DeleteObjects: 0.017800 ms)

AssetImportParameters requested are different than current active one (requested -> active):
  custom:framework-win-MediaFoundation: 216162199b28c13a410421893ffa2e32 -> 
  custom:video-decoder-ogg-theora: a1e56fd34408186e4bbccfd4996cb3dc -> 
  custom:container-muxer-webm: aa71ff27fc2769a1b78a27578f13a17b -> 
  custom:container-demuxer-webm: 4f35f7cbe854078d1ac9338744f61a02 -> 
  custom:container-demuxer-ogg: 62fdf1f143b41e24485cea50d1cbac27 -> 
  custom:video-encoder-webm-vp8: eb34c28f22e8b96e1ab97ce403110664 -> 
  custom:video-decoder-webm-vp8: 9c59270c3fd7afecdb556c50c9e8de78 -> 
  custom:audio-decoder-ogg-vorbis: bf7c407c2cedff20999df2af8eb42d56 -> 
  custom:audio-encoder-webm-vorbis: bf7c407c2cedff20999df2af8eb42d56 -> 
========================================================================
Received Import Request.
  Time since last request: 290.710994 seconds.
  path: Assets/_Scripts
  artifactKey: Guid(ef66c06ea93cfc84c9e0e176d75aecb9) Importer(815301076,1909f56bfc062723c751e8b465ee728b)
Start importing Assets/_Scripts using Guid(ef66c06ea93cfc84c9e0e176d75aecb9) Importer(815301076,1909f56bfc062723c751e8b465ee728b)  -> (artifact id: '5c4cfe1a9fe539e30e24d966b12bf829') in 0.005367 seconds 
  Import took 0.008748 seconds .

========================================================================
Received Import Request.
  Time since last request: 22.904950 seconds.
  path: Assets/_Scripts/PlayerUnit.cs
  artifactKey: Guid(b4123b424e8353b4d922ba26bda3e538) Importer(815301076,1909f56bfc062723c751e8b465ee728b)
Start importing Assets/_Scripts/PlayerUnit.cs using Guid(b4123b424e8353b4d922ba26bda3e538) Importer(815301076,1909f56bfc062723c751e8b465ee728b)  -> (artifact id: '056061b6a1aef1aa67cb8ac2b96b8c2c') in 0.010750 seconds 
  Import took 0.014555 seconds .

========================================================================
Received Prepare
Registering precompiled user dll's ...
Registered in 0.004510 seconds.
Begin MonoManager ReloadAssembly
Native extension for WindowsStandalone target not found
Refreshing native plugins compatible for Editor in 0.35 ms, found 2 plugins.
Preloading 0 native plugins for Editor in 0.00 ms.
Mono: successfully reloaded assembly
- Completed reload, in  0.906 seconds
Domain Reload Profiling:
	ReloadAssembly (907ms)
		BeginReloadAssembly (111ms)
			ExecutionOrderSort (0ms)
			DisableScriptedObjects (4ms)
			BackupInstance (0ms)
			ReleaseScriptingObjects (0ms)
			CreateAndSetChildDomain (30ms)
		EndReloadAssembly (734ms)
			LoadAssemblies (85ms)
			RebuildTransferFunctionScriptingTraits (0ms)
			SetupTypeCache (256ms)
			ReleaseScriptCaches (1ms)
			RebuildScriptCaches (41ms)
			SetupLoadedEditorAssemblies (263ms)
				LogAssemblyErrors (0ms)
				InitializePlatformSupportModulesInManaged (4ms)
				SetLoadedEditorAssemblies (0ms)
				RefreshPlugins (0ms)
				BeforeProcessingInitializeOnLoad (50ms)
				ProcessInitializeOnLoadAttributes (190ms)
				ProcessInitializeOnLoadMethodAttributes (9ms)
				AfterProcessingInitializeOnLoad (8ms)
				EditorAssembliesLoaded (0ms)
			ExecutionOrderSort2 (0ms)
			AwakeInstancesAfterBackupRestoration (6ms)
Platform modules already initialized, skipping
Refreshing native plugins compatible for Editor in 0.41 ms, found 2 plugins.
Preloading 0 native plugins for Editor in 0.00 ms.
Unloading 1495 Unused Serialized files (Serialized files now loaded: 0)
System memory in use before: 83.1 MB.
System memory in use after: 83.2 MB.

Unloading 14 unused Assets to reduce memory usage. Loaded Objects now: 1963.
Total: 3.126700 ms (FindLiveObjects: 0.199700 ms CreateObjectMapping: 0.069600 ms MarkObjects: 2.833800 ms  DeleteObjects: 0.020500 ms)

AssetImportParameters requested are different than current active one (requested -> active):
  custom:framework-win-MediaFoundation: 216162199b28c13a410421893ffa2e32 -> 
  custom:video-decoder-ogg-theora: a1e56fd34408186e4bbccfd4996cb3dc -> 
  custom:container-muxer-webm: aa71ff27fc2769a1b78a27578f13a17b -> 
  custom:container-demuxer-webm: 4f35f7cbe854078d1ac9338744f61a02 -> 
  custom:container-demuxer-ogg: 62fdf1f143b41e24485cea50d1cbac27 -> 
  custom:video-encoder-webm-vp8: eb34c28f22e8b96e1ab97ce403110664 -> 
  custom:video-decoder-webm-vp8: 9c59270c3fd7afecdb556c50c9e8de78 -> 
  custom:audio-decoder-ogg-vorbis: bf7c407c2cedff20999df2af8eb42d56 -> 
  custom:audio-encoder-webm-vorbis: bf7c407c2cedff20999df2af8eb42d56 -> 
========================================================================
Received Prepare
Registering precompiled user dll's ...
Registered in 0.004464 seconds.
Begin MonoManager ReloadAssembly
Native extension for WindowsStandalone target not found
Refreshing native plugins compatible for Editor in 0.35 ms, found 2 plugins.
Preloading 0 native plugins for Editor in 0.00 ms.
Mono: successfully reloaded assembly
- Completed reload, in  0.884 seconds
Domain Reload Profiling:
	ReloadAssembly (884ms)
		BeginReloadAssembly (107ms)
			ExecutionOrderSort (0ms)
			DisableScriptedObjects (4ms)
			BackupInstance (0ms)
			ReleaseScriptingObjects (0ms)
			CreateAndSetChildDomain (29ms)
		EndReloadAssembly (716ms)
			LoadAssemblies (82ms)
			RebuildTransferFunctionScriptingTraits (0ms)
			SetupTypeCache (257ms)
			ReleaseScriptCaches (1ms)
			RebuildScriptCaches (36ms)
			SetupLoadedEditorAssemblies (257ms)
				LogAssemblyErrors (0ms)
				InitializePlatformSupportModulesInManaged (5ms)
				SetLoadedEditorAssemblies (0ms)
				RefreshPlugins (0ms)
				BeforeProcessingInitializeOnLoad (50ms)
				ProcessInitializeOnLoadAttributes (186ms)
				ProcessInitializeOnLoadMethodAttributes (8ms)
				AfterProcessingInitializeOnLoad (7ms)
				EditorAssembliesLoaded (0ms)
			ExecutionOrderSort2 (0ms)
			AwakeInstancesAfterBackupRestoration (6ms)
Platform modules already initialized, skipping
Refreshing native plugins compatible for Editor in 0.35 ms, found 2 plugins.
Preloading 0 native plugins for Editor in 0.00 ms.
Unloading 1495 Unused Serialized files (Serialized files now loaded: 0)
System memory in use before: 83.1 MB.
System memory in use after: 83.2 MB.

Unloading 14 unused Assets to reduce memory usage. Loaded Objects now: 1965.
Total: 2.905900 ms (FindLiveObjects: 0.150500 ms CreateObjectMapping: 0.035300 ms MarkObjects: 2.699400 ms  DeleteObjects: 0.019100 ms)

AssetImportParameters requested are different than current active one (requested -> active):
  custom:framework-win-MediaFoundation: 216162199b28c13a410421893ffa2e32 -> 
  custom:video-decoder-ogg-theora: a1e56fd34408186e4bbccfd4996cb3dc -> 
  custom:container-muxer-webm: aa71ff27fc2769a1b78a27578f13a17b -> 
  custom:container-demuxer-webm: 4f35f7cbe854078d1ac9338744f61a02 -> 
  custom:container-demuxer-ogg: 62fdf1f143b41e24485cea50d1cbac27 -> 
  custom:video-encoder-webm-vp8: eb34c28f22e8b96e1ab97ce403110664 -> 
  custom:video-decoder-webm-vp8: 9c59270c3fd7afecdb556c50c9e8de78 -> 
  custom:audio-decoder-ogg-vorbis: bf7c407c2cedff20999df2af8eb42d56 -> 
  custom:audio-encoder-webm-vorbis: bf7c407c2cedff20999df2af8eb42d56 -> 
========================================================================
Received Import Request.
  Time since last request: 162.649333 seconds.
  path: Assets/_Scripts/PlayerUnit.cs
  artifactKey: Guid(b4123b424e8353b4d922ba26bda3e538) Importer(815301076,1909f56bfc062723c751e8b465ee728b)
Start importing Assets/_Scripts/PlayerUnit.cs using Guid(b4123b424e8353b4d922ba26bda3e538) Importer(815301076,1909f56bfc062723c751e8b465ee728b)  -> (artifact id: 'b07b291791174592098559fd356781f6') in 0.004867 seconds 
  Import took 0.008765 seconds .

========================================================================
Received Import Request.
  Time since last request: 11.695829 seconds.
  path: Assets/Prefabs/playerUnit.prefab
  artifactKey: Guid(6b0e7d96882adbf47a9d6ca5818f3d2d) Importer(815301076,1909f56bfc062723c751e8b465ee728b)
Start importing Assets/Prefabs/playerUnit.prefab using Guid(6b0e7d96882adbf47a9d6ca5818f3d2d) Importer(815301076,1909f56bfc062723c751e8b465ee728b)  -> (artifact id: '0e4b14130e9ab07c715fbaffde219948') in 0.051711 seconds 
  Import took 0.054096 seconds .

========================================================================
Received Import Request.
  Time since last request: 11.702054 seconds.
  path: Assets/_Scripts/PlayerUnit1.cs
  artifactKey: Guid(0ca3dbc872eb7ea4393fa705a693e902) Importer(815301076,1909f56bfc062723c751e8b465ee728b)
Start importing Assets/_Scripts/PlayerUnit1.cs using Guid(0ca3dbc872eb7ea4393fa705a693e902) Importer(815301076,1909f56bfc062723c751e8b465ee728b)  -> (artifact id: 'c09fa7e7e6bc22fb01971debeaf7f6e9') in 0.002670 seconds 
  Import took 0.006007 seconds .

========================================================================
Received Prepare
Registering precompiled user dll's ...
Registered in 0.004469 seconds.
Begin MonoManager ReloadAssembly
Native extension for WindowsStandalone target not found
Refreshing native plugins compatible for Editor in 0.51 ms, found 2 plugins.
Preloading 0 native plugins for Editor in 0.00 ms.
Mono: successfully reloaded assembly
- Completed reload, in  0.915 seconds
Domain Reload Profiling:
	ReloadAssembly (916ms)
		BeginReloadAssembly (120ms)
			ExecutionOrderSort (0ms)
			DisableScriptedObjects (4ms)
			BackupInstance (0ms)
			ReleaseScriptingObjects (0ms)
			CreateAndSetChildDomain (32ms)
		EndReloadAssembly (732ms)
			LoadAssemblies (88ms)
			RebuildTransferFunctionScriptingTraits (0ms)
			SetupTypeCache (259ms)
			ReleaseScriptCaches (1ms)
			RebuildScriptCaches (38ms)
			SetupLoadedEditorAssemblies (262ms)
				LogAssemblyErrors (0ms)
				InitializePlatformSupportModulesInManaged (5ms)
				SetLoadedEditorAssemblies (0ms)
				RefreshPlugins (1ms)
				BeforeProcessingInitializeOnLoad (54ms)
				ProcessInitializeOnLoadAttributes (187ms)
				ProcessInitializeOnLoadMethodAttributes (9ms)
				AfterProcessingInitializeOnLoad (7ms)
				EditorAssembliesLoaded (0ms)
			ExecutionOrderSort2 (0ms)
			AwakeInstancesAfterBackupRestoration (8ms)
Platform modules already initialized, skipping
Refreshing native plugins compatible for Editor in 0.35 ms, found 2 plugins.
Preloading 0 native plugins for Editor in 0.00 ms.
Unloading 1496 Unused Serialized files (Serialized files now loaded: 0)
System memory in use before: 83.2 MB.
System memory in use after: 83.3 MB.

Unloading 14 unused Assets to reduce memory usage. Loaded Objects now: 1969.
Total: 2.672000 ms (FindLiveObjects: 0.147700 ms CreateObjectMapping: 0.036000 ms MarkObjects: 2.470600 ms  DeleteObjects: 0.016600 ms)

AssetImportParameters requested are different than current active one (requested -> active):
  custom:framework-win-MediaFoundation: 216162199b28c13a410421893ffa2e32 -> 
  custom:video-decoder-ogg-theora: a1e56fd34408186e4bbccfd4996cb3dc -> 
  custom:container-muxer-webm: aa71ff27fc2769a1b78a27578f13a17b -> 
  custom:container-demuxer-webm: 4f35f7cbe854078d1ac9338744f61a02 -> 
  custom:container-demuxer-ogg: 62fdf1f143b41e24485cea50d1cbac27 -> 
  custom:video-encoder-webm-vp8: eb34c28f22e8b96e1ab97ce403110664 -> 
  custom:video-decoder-webm-vp8: 9c59270c3fd7afecdb556c50c9e8de78 -> 
  custom:audio-decoder-ogg-vorbis: bf7c407c2cedff20999df2af8eb42d56 -> 
  custom:audio-encoder-webm-vorbis: bf7c407c2cedff20999df2af8eb42d56 -> 
========================================================================
Received Import Request.
  Time since last request: 24.029459 seconds.
  path: Assets/_Scripts/PlayerUnit1.cs
  artifactKey: Guid(0ca3dbc872eb7ea4393fa705a693e902) Importer(815301076,1909f56bfc062723c751e8b465ee728b)
Start importing Assets/_Scripts/PlayerUnit1.cs using Guid(0ca3dbc872eb7ea4393fa705a693e902) Importer(815301076,1909f56bfc062723c751e8b465ee728b)  -> (artifact id: 'f4e77de50af2f5b3c4383895e768b9f4') in 0.004699 seconds 
  Import took 0.007637 seconds .

========================================================================
Received Prepare
Registering precompiled user dll's ...
Registered in 0.004514 seconds.
Begin MonoManager ReloadAssembly
Native extension for WindowsStandalone target not found
Refreshing native plugins compatible for Editor in 0.35 ms, found 2 plugins.
Preloading 0 native plugins for Editor in 0.00 ms.
Mono: successfully reloaded assembly
- Completed reload, in  0.885 seconds
Domain Reload Profiling:
	ReloadAssembly (886ms)
		BeginReloadAssembly (110ms)
			ExecutionOrderSort (0ms)
			DisableScriptedObjects (4ms)
			BackupInstance (0ms)
			ReleaseScriptingObjects (0ms)
			CreateAndSetChildDomain (37ms)
		EndReloadAssembly (714ms)
			LoadAssemblies (84ms)
			RebuildTransferFunctionScriptingTraits (0ms)
			SetupTypeCache (252ms)
			ReleaseScriptCaches (1ms)
			RebuildScriptCaches (38ms)
			SetupLoadedEditorAssemblies (255ms)
				LogAssemblyErrors (0ms)
				InitializePlatformSupportModulesInManaged (4ms)
				SetLoadedEditorAssemblies (0ms)
				RefreshPlugins (0ms)
				BeforeProcessingInitializeOnLoad (51ms)
				ProcessInitializeOnLoadAttributes (183ms)
				ProcessInitializeOnLoadMethodAttributes (8ms)
				AfterProcessingInitializeOnLoad (7ms)
				EditorAssembliesLoaded (0ms)
			ExecutionOrderSort2 (0ms)
			AwakeInstancesAfterBackupRestoration (6ms)
Platform modules already initialized, skipping
Refreshing native plugins compatible for Editor in 0.36 ms, found 2 plugins.
Preloading 0 native plugins for Editor in 0.00 ms.
Unloading 1496 Unused Serialized files (Serialized files now loaded: 0)
System memory in use before: 83.2 MB.
System memory in use after: 83.3 MB.

Unloading 14 unused Assets to reduce memory usage. Loaded Objects now: 1971.
Total: 3.285600 ms (FindLiveObjects: 0.269800 ms CreateObjectMapping: 0.085600 ms MarkObjects: 2.910600 ms  DeleteObjects: 0.017700 ms)

AssetImportParameters requested are different than current active one (requested -> active):
  custom:framework-win-MediaFoundation: 216162199b28c13a410421893ffa2e32 -> 
  custom:video-decoder-ogg-theora: a1e56fd34408186e4bbccfd4996cb3dc -> 
  custom:container-muxer-webm: aa71ff27fc2769a1b78a27578f13a17b -> 
  custom:container-demuxer-webm: 4f35f7cbe854078d1ac9338744f61a02 -> 
  custom:container-demuxer-ogg: 62fdf1f143b41e24485cea50d1cbac27 -> 
  custom:video-encoder-webm-vp8: eb34c28f22e8b96e1ab97ce403110664 -> 
  custom:video-decoder-webm-vp8: 9c59270c3fd7afecdb556c50c9e8de78 -> 
  custom:audio-decoder-ogg-vorbis: bf7c407c2cedff20999df2af8eb42d56 -> 
  custom:audio-encoder-webm-vorbis: bf7c407c2cedff20999df2af8eb42d56 -> 
========================================================================
Received Import Request.
  Time since last request: 10.423140 seconds.
  path: Assets/_Scripts/EnemyUnit.cs
  artifactKey: Guid(0ca3dbc872eb7ea4393fa705a693e902) Importer(815301076,1909f56bfc062723c751e8b465ee728b)
Start importing Assets/_Scripts/EnemyUnit.cs using Guid(0ca3dbc872eb7ea4393fa705a693e902) Importer(815301076,1909f56bfc062723c751e8b465ee728b)  -> (artifact id: '29b24b57e661269565cc1395b05bdb1a') in 0.006012 seconds 
  Import took 0.012348 seconds .

========================================================================
Received Import Request.
  Time since last request: 5.515248 seconds.
  path: Assets/_Scripts/PlayerUnit1.cs
  artifactKey: Guid(85f407bf218e93a449fba99473d989c0) Importer(815301076,1909f56bfc062723c751e8b465ee728b)
Start importing Assets/_Scripts/PlayerUnit1.cs using Guid(85f407bf218e93a449fba99473d989c0) Importer(815301076,1909f56bfc062723c751e8b465ee728b)  -> (artifact id: 'ee0eb187ffb5c2c4577d337d25a369e4') in 0.002611 seconds 
  Import took 0.006780 seconds .

========================================================================
Received Prepare
Registering precompiled user dll's ...
Registered in 0.004500 seconds.
Begin MonoManager ReloadAssembly
Native extension for WindowsStandalone target not found
Refreshing native plugins compatible for Editor in 0.39 ms, found 2 plugins.
Preloading 0 native plugins for Editor in 0.00 ms.
Mono: successfully reloaded assembly
- Completed reload, in  0.907 seconds
Domain Reload Profiling:
	ReloadAssembly (907ms)
		BeginReloadAssembly (110ms)
			ExecutionOrderSort (0ms)
			DisableScriptedObjects (4ms)
			BackupInstance (0ms)
			ReleaseScriptingObjects (0ms)
			CreateAndSetChildDomain (29ms)
		EndReloadAssembly (736ms)
			LoadAssemblies (90ms)
			RebuildTransferFunctionScriptingTraits (0ms)
			SetupTypeCache (251ms)
			ReleaseScriptCaches (1ms)
			RebuildScriptCaches (45ms)
			SetupLoadedEditorAssemblies (268ms)
				LogAssemblyErrors (0ms)
				InitializePlatformSupportModulesInManaged (5ms)
				SetLoadedEditorAssemblies (0ms)
				RefreshPlugins (0ms)
				BeforeProcessingInitializeOnLoad (54ms)
				ProcessInitializeOnLoadAttributes (192ms)
				ProcessInitializeOnLoadMethodAttributes (9ms)
				AfterProcessingInitializeOnLoad (7ms)
				EditorAssembliesLoaded (0ms)
			ExecutionOrderSort2 (0ms)
			AwakeInstancesAfterBackupRestoration (6ms)
Platform modules already initialized, skipping
Refreshing native plugins compatible for Editor in 0.36 ms, found 2 plugins.
Preloading 0 native plugins for Editor in 0.00 ms.
Unloading 1496 Unused Serialized files (Serialized files now loaded: 0)
System memory in use before: 83.2 MB.
System memory in use after: 83.3 MB.

Unloading 14 unused Assets to reduce memory usage. Loaded Objects now: 1973.
Total: 3.400600 ms (FindLiveObjects: 0.195200 ms CreateObjectMapping: 0.063500 ms MarkObjects: 3.118300 ms  DeleteObjects: 0.021300 ms)

AssetImportParameters requested are different than current active one (requested -> active):
  custom:framework-win-MediaFoundation: 216162199b28c13a410421893ffa2e32 -> 
  custom:video-decoder-ogg-theora: a1e56fd34408186e4bbccfd4996cb3dc -> 
  custom:container-muxer-webm: aa71ff27fc2769a1b78a27578f13a17b -> 
  custom:container-demuxer-webm: 4f35f7cbe854078d1ac9338744f61a02 -> 
  custom:container-demuxer-ogg: 62fdf1f143b41e24485cea50d1cbac27 -> 
  custom:video-encoder-webm-vp8: eb34c28f22e8b96e1ab97ce403110664 -> 
  custom:video-decoder-webm-vp8: 9c59270c3fd7afecdb556c50c9e8de78 -> 
  custom:audio-decoder-ogg-vorbis: bf7c407c2cedff20999df2af8eb42d56 -> 
  custom:audio-encoder-webm-vorbis: bf7c407c2cedff20999df2af8eb42d56 -> 
========================================================================
Received Import Request.
  Time since last request: 74.575164 seconds.
  path: Assets/Prefabs/enemyUnit.prefab
  artifactKey: Guid(cc2ec6049f9b7454fb0fe18cf3cfdd38) Importer(815301076,1909f56bfc062723c751e8b465ee728b)
Start importing Assets/Prefabs/enemyUnit.prefab using Guid(cc2ec6049f9b7454fb0fe18cf3cfdd38) Importer(815301076,1909f56bfc062723c751e8b465ee728b)  -> (artifact id: 'd006e87b71031ce88917416517190c54') in 0.055012 seconds 
  Import took 0.057974 seconds .

========================================================================
Received Import Request.
  Time since last request: 2.546949 seconds.
  path: ProjectSettings/TagManager.asset
  artifactKey: Guid(00000000000000003000000000000000) Importer(815301076,1909f56bfc062723c751e8b465ee728b)
Start importing ProjectSettings/TagManager.asset using Guid(00000000000000003000000000000000) Importer(815301076,1909f56bfc062723c751e8b465ee728b)  -> (artifact id: 'ce6a35c3cddc746e7501c0bd0ed6d4ce') in 0.005398 seconds 
  Import took 0.008818 seconds .

========================================================================
Received Import Request.
  Time since last request: 20.643520 seconds.
  path: Assets/Prefabs/playerUnit.prefab
  artifactKey: Guid(6b0e7d96882adbf47a9d6ca5818f3d2d) Importer(815301076,1909f56bfc062723c751e8b465ee728b)
Start importing Assets/Prefabs/playerUnit.prefab using Guid(6b0e7d96882adbf47a9d6ca5818f3d2d) Importer(815301076,1909f56bfc062723c751e8b465ee728b)  -> (artifact id: 'b9f97f91df03ba7a559b5e6650548be6') in 0.010319 seconds 
  Import took 0.013337 seconds .

========================================================================
Received Import Request.
  Time since last request: 3.578721 seconds.
  path: Assets/Prefabs/enemyUnit.prefab
  artifactKey: Guid(cc2ec6049f9b7454fb0fe18cf3cfdd38) Importer(815301076,1909f56bfc062723c751e8b465ee728b)
Start importing Assets/Prefabs/enemyUnit.prefab using Guid(cc2ec6049f9b7454fb0fe18cf3cfdd38) Importer(815301076,1909f56bfc062723c751e8b465ee728b)  -> (artifact id: '7f780ef6007958513c451ec86d626a4a') in 0.009767 seconds 
  Import took 0.013136 seconds .

========================================================================
Received Import Request.
  Time since last request: 214.109469 seconds.
  path: Assets/Imp.Assets
  artifactKey: Guid(f604dd74091da1540b85712c3c2ccdfe) Importer(815301076,1909f56bfc062723c751e8b465ee728b)
Start importing Assets/Imp.Assets using Guid(f604dd74091da1540b85712c3c2ccdfe) Importer(815301076,1909f56bfc062723c751e8b465ee728b)  -> (artifact id: 'c2f2b523775ab9b7e039b888bc5effa6') in 0.003583 seconds 
  Import took 0.006291 seconds .

========================================================================
Received Import Request.
  Time since last request: 45.391728 seconds.
  path: Assets/Materials/playerUnit.mat
  artifactKey: Guid(1ca4e16c62efd6745b58d754234aac60) Importer(815301076,1909f56bfc062723c751e8b465ee728b)
Start importing Assets/Materials/playerUnit.mat using Guid(1ca4e16c62efd6745b58d754234aac60) Importer(815301076,1909f56bfc062723c751e8b465ee728b)  -> (artifact id: '6ee5708bb236f5c55db2a469db8a91d9') in 0.031791 seconds 
  Import took 0.034384 seconds .

========================================================================
Received Import Request.
  Time since last request: 1.422965 seconds.
  path: Assets/Imp.Assets/Concrete textures pack/pattern 20/Concrete pattern 20.mat
  artifactKey: Guid(d9118644cf18d114abae307878884709) Importer(815301076,1909f56bfc062723c751e8b465ee728b)
Start importing Assets/Imp.Assets/Concrete textures pack/pattern 20/Concrete pattern 20.mat using Guid(d9118644cf18d114abae307878884709) Importer(815301076,1909f56bfc062723c751e8b465ee728b)  -> (artifact id: 'e6e0f234e2aa9ea92c54905a8718ee1b') in 0.144056 seconds 
  Import took 0.146602 seconds .

========================================================================
Received Import Request.
  Time since last request: 0.000281 seconds.
  path: Assets/Materials/enemyUnit.mat
  artifactKey: Guid(cfc15003b6bf9bc4bbdc38ac2dbbdc5f) Importer(815301076,1909f56bfc062723c751e8b465ee728b)
Start importing Assets/Materials/enemyUnit.mat using Guid(cfc15003b6bf9bc4bbdc38ac2dbbdc5f) Importer(815301076,1909f56bfc062723c751e8b465ee728b)  -> (artifact id: 'b50e4ab21fbee39ca97bdb0de4afa083') in 0.010303 seconds 
  Import took 0.012911 seconds .

========================================================================
Received Import Request.
  Time since last request: 1.464185 seconds.
  path: Assets/Imp.Assets/Concrete textures pack/pattern 18/Concrete pattern 18.mat
  artifactKey: Guid(35b3905e878c7c14a804d8e50b2f37d5) Importer(815301076,1909f56bfc062723c751e8b465ee728b)
Start importing Assets/Imp.Assets/Concrete textures pack/pattern 18/Concrete pattern 18.mat using Guid(35b3905e878c7c14a804d8e50b2f37d5) Importer(815301076,1909f56bfc062723c751e8b465ee728b)  -> (artifact id: 'a7638a5bdd39688115e8c179a1e2a10f') in 0.013151 seconds 
  Import took 0.019423 seconds .

========================================================================
Received Import Request.
  Time since last request: 0.000267 seconds.
  path: Assets/Imp.Assets/Concrete textures pack/pattern 19/Concrete pattern 19.mat
  artifactKey: Guid(03df648f2a2e48843962ec5471b9e969) Importer(815301076,1909f56bfc062723c751e8b465ee728b)
Start importing Assets/Imp.Assets/Concrete textures pack/pattern 19/Concrete pattern 19.mat using Guid(03df648f2a2e48843962ec5471b9e969) Importer(815301076,1909f56bfc062723c751e8b465ee728b)  -> (artifact id: 'eff72fde777bd8cfb8f022c32863fe33') in 0.015874 seconds 
  Import took 0.018517 seconds .

========================================================================
Received Import Request.
  Time since last request: 0.035608 seconds.
  path: Assets/Imp.Assets/Concrete textures pack/pattern 16/Concrete pattern 16.mat
  artifactKey: Guid(edb56784830ff6e48bc903e1da5bc5ff) Importer(815301076,1909f56bfc062723c751e8b465ee728b)
Start importing Assets/Imp.Assets/Concrete textures pack/pattern 16/Concrete pattern 16.mat using Guid(edb56784830ff6e48bc903e1da5bc5ff) Importer(815301076,1909f56bfc062723c751e8b465ee728b)  -> (artifact id: '0f5fead466b077bb3df78885381ff458') in 0.017885 seconds 
  Import took 0.021049 seconds .

========================================================================
Received Import Request.
  Time since last request: 0.000476 seconds.
  path: Assets/Imp.Assets/Concrete textures pack/pattern 17/Concrete pattern 17.mat
  artifactKey: Guid(573165ec89c0f4a488f962940dc8d6d9) Importer(815301076,1909f56bfc062723c751e8b465ee728b)
Start importing Assets/Imp.Assets/Concrete textures pack/pattern 17/Concrete pattern 17.mat using Guid(573165ec89c0f4a488f962940dc8d6d9) Importer(815301076,1909f56bfc062723c751e8b465ee728b)  -> (artifact id: '421bc148d3cd2da09d00806580cab6a6') in 0.013484 seconds 
  Import took 0.016351 seconds .

========================================================================
Received Import Request.
  Time since last request: 0.000283 seconds.
  path: Assets/Imp.Assets/Concrete textures pack/pattern 15/Concrete pattern 15.mat
  artifactKey: Guid(6c096acbd65465b438d9b0a3d141cff1) Importer(815301076,1909f56bfc062723c751e8b465ee728b)
Start importing Assets/Imp.Assets/Concrete textures pack/pattern 15/Concrete pattern 15.mat using Guid(6c096acbd65465b438d9b0a3d141cff1) Importer(815301076,1909f56bfc062723c751e8b465ee728b)  -> (artifact id: '0c06cb66c537923f1fc362b820bf1f1d') in 0.019215 seconds 
  Import took 0.021669 seconds .

========================================================================
Received Import Request.
  Time since last request: 0.000267 seconds.
  path: Assets/Imp.Assets/Concrete textures pack/pattern 14/Concrete pattern 14.mat
  artifactKey: Guid(acbeb59509e47e942937ab47a0abc310) Importer(815301076,1909f56bfc062723c751e8b465ee728b)
Start importing Assets/Imp.Assets/Concrete textures pack/pattern 14/Concrete pattern 14.mat using Guid(acbeb59509e47e942937ab47a0abc310) Importer(815301076,1909f56bfc062723c751e8b465ee728b)  -> (artifact id: '8ec011bd44f2b0bb8c2fc8ef7cf2018f') in 0.028233 seconds 
  Import took 0.030632 seconds .

========================================================================
Received Import Request.
  Time since last request: 2.689775 seconds.
  path: Assets/Imp.Assets/Concrete textures pack/pattern 12/Concrete pattern 12.mat
  artifactKey: Guid(90958dd685f590642806ebb68b473bc3) Importer(815301076,1909f56bfc062723c751e8b465ee728b)
Start importing Assets/Imp.Assets/Concrete textures pack/pattern 12/Concrete pattern 12.mat using Guid(90958dd685f590642806ebb68b473bc3) Importer(815301076,1909f56bfc062723c751e8b465ee728b)  -> (artifact id: 'f7b1c71927a288d7b0cabedeca1ebea5') in 0.013950 seconds 
  Import took 0.016937 seconds .

========================================================================
Received Import Request.
  Time since last request: 0.000282 seconds.
  path: Assets/Imp.Assets/Concrete textures pack/pattern 13/Concrete pattern 13.mat
  artifactKey: Guid(0fc0bf58c56418e44b94d145ca6f5db1) Importer(815301076,1909f56bfc062723c751e8b465ee728b)
Start importing Assets/Imp.Assets/Concrete textures pack/pattern 13/Concrete pattern 13.mat using Guid(0fc0bf58c56418e44b94d145ca6f5db1) Importer(815301076,1909f56bfc062723c751e8b465ee728b)  -> (artifact id: '65f78758089bba338aff6c04e97de46a') in 0.013099 seconds 
  Import took 0.016271 seconds .

========================================================================
Received Import Request.
  Time since last request: 0.038675 seconds.
  path: Assets/Imp.Assets/Concrete textures pack/pattern 10/Concrete pattern 10.mat
  artifactKey: Guid(3ff803e95ede8de42a2adbcd1dd530d6) Importer(815301076,1909f56bfc062723c751e8b465ee728b)
Start importing Assets/Imp.Assets/Concrete textures pack/pattern 10/Concrete pattern 10.mat using Guid(3ff803e95ede8de42a2adbcd1dd530d6) Importer(815301076,1909f56bfc062723c751e8b465ee728b)  -> (artifact id: '6b6e1e06141ee7589fa802ecb8414edb') in 0.020600 seconds 
  Import took 0.023126 seconds .

========================================================================
Received Import Request.
  Time since last request: 0.000265 seconds.
  path: Assets/Imp.Assets/Concrete textures pack/pattern 11/Concrete pattern 11.mat
  artifactKey: Guid(39d9ac5066e1af74cadba0ad038e742b) Importer(815301076,1909f56bfc062723c751e8b465ee728b)
Start importing Assets/Imp.Assets/Concrete textures pack/pattern 11/Concrete pattern 11.mat using Guid(39d9ac5066e1af74cadba0ad038e742b) Importer(815301076,1909f56bfc062723c751e8b465ee728b)  -> (artifact id: 'f6fa7a517e61f62e83e306513935020f') in 0.014030 seconds 
  Import took 0.016484 seconds .

========================================================================
Received Import Request.
  Time since last request: 1.944792 seconds.
  path: Assets/Imp.Assets/Concrete textures pack/pattern 08/Concrete pattern 08.mat
  artifactKey: Guid(ebf8b4d16b7f8924fb9116d2e3207836) Importer(815301076,1909f56bfc062723c751e8b465ee728b)
Start importing Assets/Imp.Assets/Concrete textures pack/pattern 08/Concrete pattern 08.mat using Guid(ebf8b4d16b7f8924fb9116d2e3207836) Importer(815301076,1909f56bfc062723c751e8b465ee728b)  -> (artifact id: 'e7115ae6134a1d5d5624e851e3d39dcb') in 0.012358 seconds 
  Import took 0.014896 seconds .

========================================================================
Received Import Request.
  Time since last request: 0.000305 seconds.
  path: Assets/Imp.Assets/Concrete textures pack/pattern 09/Concrete pattern 09.mat
  artifactKey: Guid(90caba3031f3bb6489b26535a49cd81d) Importer(815301076,1909f56bfc062723c751e8b465ee728b)
Start importing Assets/Imp.Assets/Concrete textures pack/pattern 09/Concrete pattern 09.mat using Guid(90caba3031f3bb6489b26535a49cd81d) Importer(815301076,1909f56bfc062723c751e8b465ee728b)  -> (artifact id: 'a4dc1c09ad271c544cc401370127fd75') in 0.013758 seconds 
  Import took 0.019834 seconds .

========================================================================
Received Import Request.
  Time since last request: 1.898850 seconds.
  path: Assets/Imp.Assets/Concrete textures pack/pattern 06/Concrete pattern 06.mat
  artifactKey: Guid(8e53f458c50238748a0e25fbe049b465) Importer(815301076,1909f56bfc062723c751e8b465ee728b)
Start importing Assets/Imp.Assets/Concrete textures pack/pattern 06/Concrete pattern 06.mat using Guid(8e53f458c50238748a0e25fbe049b465) Importer(815301076,1909f56bfc062723c751e8b465ee728b)  -> (artifact id: '6b14d7d961a3f82e713b824b30304ca5') in 0.014106 seconds 
  Import took 0.016870 seconds .

========================================================================
Received Import Request.
  Time since last request: 0.000316 seconds.
  path: Assets/Imp.Assets/Concrete textures pack/pattern 07/Concrete pattern 07.mat
  artifactKey: Guid(b1d36282b2c17c84fb2f618cba0439a2) Importer(815301076,1909f56bfc062723c751e8b465ee728b)
Start importing Assets/Imp.Assets/Concrete textures pack/pattern 07/Concrete pattern 07.mat using Guid(b1d36282b2c17c84fb2f618cba0439a2) Importer(815301076,1909f56bfc062723c751e8b465ee728b)  -> (artifact id: '9f77c9023d854b3e0630691d53970877') in 0.014564 seconds 
  Import took 0.017148 seconds .

========================================================================
Received Import Request.
  Time since last request: 0.043805 seconds.
  path: Assets/Imp.Assets/Concrete textures pack/pattern 02/Concrete pattern 02.mat
  artifactKey: Guid(74c690b29deaf184eb0f56c386f5ef8f) Importer(815301076,1909f56bfc062723c751e8b465ee728b)
Start importing Assets/Imp.Assets/Concrete textures pack/pattern 02/Concrete pattern 02.mat using Guid(74c690b29deaf184eb0f56c386f5ef8f) Importer(815301076,1909f56bfc062723c751e8b465ee728b)  -> (artifact id: 'ade32ab5a5484bab943a05e20a6a995b') in 0.019821 seconds 
  Import took 0.022788 seconds .

========================================================================
Received Import Request.
  Time since last request: 0.000257 seconds.
  path: Assets/Imp.Assets/Concrete textures pack/pattern 04/Concrete pattern 04.mat
  artifactKey: Guid(46be5f15e363aac4381cc9eb6efc673f) Importer(815301076,1909f56bfc062723c751e8b465ee728b)
Start importing Assets/Imp.Assets/Concrete textures pack/pattern 04/Concrete pattern 04.mat using Guid(46be5f15e363aac4381cc9eb6efc673f) Importer(815301076,1909f56bfc062723c751e8b465ee728b)  -> (artifact id: '88c3ecc49ff5c8462633350268dc0ba1') in 0.013775 seconds 
  Import took 0.016278 seconds .

========================================================================
Received Import Request.
  Time since last request: 0.000253 seconds.
  path: Assets/Imp.Assets/Concrete textures pack/pattern 05/Concrete pattern 05.mat
  artifactKey: Guid(04652004be933ba41b4ac32ddd7f5eeb) Importer(815301076,1909f56bfc062723c751e8b465ee728b)
Start importing Assets/Imp.Assets/Concrete textures pack/pattern 05/Concrete pattern 05.mat using Guid(04652004be933ba41b4ac32ddd7f5eeb) Importer(815301076,1909f56bfc062723c751e8b465ee728b)  -> (artifact id: 'cf74db62e6744d2dee8f0f226c6eeddd') in 0.028217 seconds 
  Import took 0.030864 seconds .

========================================================================
Received Import Request.
  Time since last request: 0.000287 seconds.
  path: Assets/Imp.Assets/Concrete textures pack/pattern 03/Concrete pattern 03.mat
  artifactKey: Guid(52c9083b299dfa3479caa56bb9f0a98c) Importer(815301076,1909f56bfc062723c751e8b465ee728b)
Start importing Assets/Imp.Assets/Concrete textures pack/pattern 03/Concrete pattern 03.mat using Guid(52c9083b299dfa3479caa56bb9f0a98c) Importer(815301076,1909f56bfc062723c751e8b465ee728b)  -> (artifact id: '5215fe34a0d7d9826087f4760f0792c2') in 0.015746 seconds 
  Import took 0.018591 seconds .

========================================================================
Received Import Request.
  Time since last request: 2.037012 seconds.
  path: Assets/Imp.Assets/Concrete textures pack/pattern 01/Concrete pattern 01.mat
  artifactKey: Guid(9447935ca27fed54c9c28112b77d5908) Importer(815301076,1909f56bfc062723c751e8b465ee728b)
Start importing Assets/Imp.Assets/Concrete textures pack/pattern 01/Concrete pattern 01.mat using Guid(9447935ca27fed54c9c28112b77d5908) Importer(815301076,1909f56bfc062723c751e8b465ee728b)  -> (artifact id: '81d343185cbff6c24e5dc327bd8570bf') in 0.013122 seconds 
  Import took 0.016120 seconds .

========================================================================
Received Prepare
Registering precompiled user dll's ...
Registered in 0.004581 seconds.
Begin MonoManager ReloadAssembly
Native extension for WindowsStandalone target not found
Refreshing native plugins compatible for Editor in 0.39 ms, found 2 plugins.
Preloading 0 native plugins for Editor in 0.00 ms.
Mono: successfully reloaded assembly
- Completed reload, in  0.900 seconds
Domain Reload Profiling:
	ReloadAssembly (901ms)
		BeginReloadAssembly (115ms)
			ExecutionOrderSort (0ms)
			DisableScriptedObjects (3ms)
			BackupInstance (0ms)
			ReleaseScriptingObjects (0ms)
			CreateAndSetChildDomain (31ms)
		EndReloadAssembly (723ms)
			LoadAssemblies (86ms)
			RebuildTransferFunctionScriptingTraits (0ms)
			SetupTypeCache (258ms)
			ReleaseScriptCaches (1ms)
			RebuildScriptCaches (37ms)
			SetupLoadedEditorAssemblies (259ms)
				LogAssemblyErrors (0ms)
				InitializePlatformSupportModulesInManaged (4ms)
				SetLoadedEditorAssemblies (1ms)
				RefreshPlugins (1ms)
				BeforeProcessingInitializeOnLoad (50ms)
				ProcessInitializeOnLoadAttributes (187ms)
				ProcessInitializeOnLoadMethodAttributes (9ms)
				AfterProcessingInitializeOnLoad (7ms)
				EditorAssembliesLoaded (0ms)
			ExecutionOrderSort2 (0ms)
			AwakeInstancesAfterBackupRestoration (6ms)
Platform modules already initialized, skipping
Refreshing native plugins compatible for Editor in 0.41 ms, found 2 plugins.
Preloading 0 native plugins for Editor in 0.00 ms.
Unloading 1496 Unused Serialized files (Serialized files now loaded: 0)
System memory in use before: 85.4 MB.
System memory in use after: 85.5 MB.

Unloading 15 unused Assets to reduce memory usage. Loaded Objects now: 2011.
Total: 2.809300 ms (FindLiveObjects: 0.154800 ms CreateObjectMapping: 0.033600 ms MarkObjects: 2.598300 ms  DeleteObjects: 0.021200 ms)

AssetImportParameters requested are different than current active one (requested -> active):
  custom:framework-win-MediaFoundation: 216162199b28c13a410421893ffa2e32 -> 
  custom:video-decoder-ogg-theora: a1e56fd34408186e4bbccfd4996cb3dc -> 
  custom:container-muxer-webm: aa71ff27fc2769a1b78a27578f13a17b -> 
  custom:container-demuxer-webm: 4f35f7cbe854078d1ac9338744f61a02 -> 
  custom:container-demuxer-ogg: 62fdf1f143b41e24485cea50d1cbac27 -> 
  custom:video-encoder-webm-vp8: eb34c28f22e8b96e1ab97ce403110664 -> 
  custom:video-decoder-webm-vp8: 9c59270c3fd7afecdb556c50c9e8de78 -> 
  custom:audio-decoder-ogg-vorbis: bf7c407c2cedff20999df2af8eb42d56 -> 
  custom:audio-encoder-webm-vorbis: bf7c407c2cedff20999df2af8eb42d56 -> 
========================================================================
Received Prepare
Registering precompiled user dll's ...
Registered in 0.004509 seconds.
Begin MonoManager ReloadAssembly
Native extension for WindowsStandalone target not found
Refreshing native plugins compatible for Editor in 0.36 ms, found 2 plugins.
Preloading 0 native plugins for Editor in 0.00 ms.
Mono: successfully reloaded assembly
- Completed reload, in  0.886 seconds
Domain Reload Profiling:
	ReloadAssembly (886ms)
		BeginReloadAssembly (101ms)
			ExecutionOrderSort (0ms)
			DisableScriptedObjects (4ms)
			BackupInstance (0ms)
			ReleaseScriptingObjects (0ms)
			CreateAndSetChildDomain (29ms)
		EndReloadAssembly (719ms)
			LoadAssemblies (84ms)
			RebuildTransferFunctionScriptingTraits (0ms)
			SetupTypeCache (253ms)
			ReleaseScriptCaches (1ms)
			RebuildScriptCaches (37ms)
			SetupLoadedEditorAssemblies (261ms)
				LogAssemblyErrors (0ms)
				InitializePlatformSupportModulesInManaged (4ms)
				SetLoadedEditorAssemblies (0ms)
				RefreshPlugins (0ms)
				BeforeProcessingInitializeOnLoad (51ms)
				ProcessInitializeOnLoadAttributes (187ms)
				ProcessInitializeOnLoadMethodAttributes (10ms)
				AfterProcessingInitializeOnLoad (7ms)
				EditorAssembliesLoaded (0ms)
			ExecutionOrderSort2 (0ms)
			AwakeInstancesAfterBackupRestoration (6ms)
Platform modules already initialized, skipping
Refreshing native plugins compatible for Editor in 0.36 ms, found 2 plugins.
Preloading 0 native plugins for Editor in 0.00 ms.
Unloading 1496 Unused Serialized files (Serialized files now loaded: 0)
System memory in use before: 85.4 MB.
System memory in use after: 85.5 MB.

Unloading 14 unused Assets to reduce memory usage. Loaded Objects now: 2013.
Total: 3.105100 ms (FindLiveObjects: 0.163100 ms CreateObjectMapping: 0.034000 ms MarkObjects: 2.885100 ms  DeleteObjects: 0.020900 ms)

AssetImportParameters requested are different than current active one (requested -> active):
  custom:framework-win-MediaFoundation: 216162199b28c13a410421893ffa2e32 -> 
  custom:video-decoder-ogg-theora: a1e56fd34408186e4bbccfd4996cb3dc -> 
  custom:container-muxer-webm: aa71ff27fc2769a1b78a27578f13a17b -> 
  custom:container-demuxer-webm: 4f35f7cbe854078d1ac9338744f61a02 -> 
  custom:container-demuxer-ogg: 62fdf1f143b41e24485cea50d1cbac27 -> 
  custom:video-encoder-webm-vp8: eb34c28f22e8b96e1ab97ce403110664 -> 
  custom:video-decoder-webm-vp8: 9c59270c3fd7afecdb556c50c9e8de78 -> 
  custom:audio-decoder-ogg-vorbis: bf7c407c2cedff20999df2af8eb42d56 -> 
  custom:audio-encoder-webm-vorbis: bf7c407c2cedff20999df2af8eb42d56 -> 
========================================================================
Received Import Request.
  Time since last request: 435.697639 seconds.
  path: Assets/Prefabs/playerUnit.prefab
  artifactKey: Guid(6b0e7d96882adbf47a9d6ca5818f3d2d) Importer(815301076,1909f56bfc062723c751e8b465ee728b)
Start importing Assets/Prefabs/playerUnit.prefab using Guid(6b0e7d96882adbf47a9d6ca5818f3d2d) Importer(815301076,1909f56bfc062723c751e8b465ee728b)  -> (artifact id: '0167b9347429930cf73ae39213b5a27d') in 0.062103 seconds 
  Import took 0.064967 seconds .

========================================================================
Received Import Request.
  Time since last request: 175.351406 seconds.
  path: Assets/_Scripts/UnitSelection.cs
  artifactKey: Guid(6540689856f873040be0f1f49caffb6b) Importer(815301076,1909f56bfc062723c751e8b465ee728b)
Start importing Assets/_Scripts/UnitSelection.cs using Guid(6540689856f873040be0f1f49caffb6b) Importer(815301076,1909f56bfc062723c751e8b465ee728b)  -> (artifact id: '78a41ee3ffb3b5194e7cc79ebb18e84c') in 0.002732 seconds 
  Import took 0.005165 seconds .

========================================================================
Received Prepare
Registering precompiled user dll's ...
Registered in 0.004464 seconds.
Begin MonoManager ReloadAssembly
Native extension for WindowsStandalone target not found
Refreshing native plugins compatible for Editor in 0.36 ms, found 2 plugins.
Preloading 0 native plugins for Editor in 0.00 ms.
Mono: successfully reloaded assembly
- Completed reload, in  0.881 seconds
Domain Reload Profiling:
	ReloadAssembly (882ms)
		BeginReloadAssembly (108ms)
			ExecutionOrderSort (0ms)
			DisableScriptedObjects (4ms)
			BackupInstance (0ms)
			ReleaseScriptingObjects (0ms)
			CreateAndSetChildDomain (33ms)
		EndReloadAssembly (711ms)
			LoadAssemblies (86ms)
			RebuildTransferFunctionScriptingTraits (0ms)
			SetupTypeCache (251ms)
			ReleaseScriptCaches (1ms)
			RebuildScriptCaches (36ms)
			SetupLoadedEditorAssemblies (257ms)
				LogAssemblyErrors (0ms)
				InitializePlatformSupportModulesInManaged (4ms)
				SetLoadedEditorAssemblies (0ms)
				RefreshPlugins (0ms)
				BeforeProcessingInitializeOnLoad (50ms)
				ProcessInitializeOnLoadAttributes (185ms)
				ProcessInitializeOnLoadMethodAttributes (8ms)
				AfterProcessingInitializeOnLoad (8ms)
				EditorAssembliesLoaded (0ms)
			ExecutionOrderSort2 (0ms)
			AwakeInstancesAfterBackupRestoration (6ms)
Platform modules already initialized, skipping
Refreshing native plugins compatible for Editor in 0.35 ms, found 2 plugins.
Preloading 0 native plugins for Editor in 0.00 ms.
Unloading 1497 Unused Serialized files (Serialized files now loaded: 0)
System memory in use before: 85.5 MB.
System memory in use after: 85.6 MB.

Unloading 14 unused Assets to reduce memory usage. Loaded Objects now: 2017.
Total: 2.819200 ms (FindLiveObjects: 0.212900 ms CreateObjectMapping: 0.067100 ms MarkObjects: 2.517900 ms  DeleteObjects: 0.019400 ms)

AssetImportParameters requested are different than current active one (requested -> active):
  custom:framework-win-MediaFoundation: 216162199b28c13a410421893ffa2e32 -> 
  custom:video-decoder-ogg-theora: a1e56fd34408186e4bbccfd4996cb3dc -> 
  custom:container-muxer-webm: aa71ff27fc2769a1b78a27578f13a17b -> 
  custom:container-demuxer-webm: 4f35f7cbe854078d1ac9338744f61a02 -> 
  custom:container-demuxer-ogg: 62fdf1f143b41e24485cea50d1cbac27 -> 
  custom:video-encoder-webm-vp8: eb34c28f22e8b96e1ab97ce403110664 -> 
  custom:video-decoder-webm-vp8: 9c59270c3fd7afecdb556c50c9e8de78 -> 
  custom:audio-decoder-ogg-vorbis: bf7c407c2cedff20999df2af8eb42d56 -> 
  custom:audio-encoder-webm-vorbis: bf7c407c2cedff20999df2af8eb42d56 -> 
========================================================================
Received Import Request.
  Time since last request: 577.658257 seconds.
  path: Assets/_Scripts/UnitSelection.cs
  artifactKey: Guid(6540689856f873040be0f1f49caffb6b) Importer(815301076,1909f56bfc062723c751e8b465ee728b)
Start importing Assets/_Scripts/UnitSelection.cs using Guid(6540689856f873040be0f1f49caffb6b) Importer(815301076,1909f56bfc062723c751e8b465ee728b)  -> (artifact id: '4da4fb10f31a335d536b742b5466585d') in 0.005273 seconds 
  Import took 0.008154 seconds .

========================================================================
Received Import Request.
  Time since last request: 22.451479 seconds.
  path: Assets/_Scripts/PlayerSelect.cs
  artifactKey: Guid(65398bd31595f8e4db32320ba4271af5) Importer(815301076,1909f56bfc062723c751e8b465ee728b)
Start importing Assets/_Scripts/PlayerSelect.cs using Guid(65398bd31595f8e4db32320ba4271af5) Importer(815301076,1909f56bfc062723c751e8b465ee728b)  -> (artifact id: 'e10621084b7e8b60c530148873d21264') in 0.003001 seconds 
  Import took 0.006053 seconds .

========================================================================
Received Import Request.
  Time since last request: 134.232558 seconds.
  path: Assets/_Scripts/PlayerSelect.cs
  artifactKey: Guid(65398bd31595f8e4db32320ba4271af5) Importer(815301076,1909f56bfc062723c751e8b465ee728b)
Start importing Assets/_Scripts/PlayerSelect.cs using Guid(65398bd31595f8e4db32320ba4271af5) Importer(815301076,1909f56bfc062723c751e8b465ee728b)  -> (artifact id: 'b62fea3f89afc27463c34757e77b4a52') in 0.002489 seconds 
  Import took 0.005145 seconds .

AssetImportWorkerClient::OnTransportError - code=2 error=End of file
